<?xml version="1.0" encoding="UTF-8"?>
<testsuite name="org.springframework.samples.petclinic.system.CrashControllerTests" tests="1" skipped="1" failures="0" errors="0" timestamp="2019-10-14T21:02:16" hostname="Wolox-0153" time="0.0">
  <properties/>
  <testcase name="testTriggerException" classname="org.springframework.samples.petclinic.system.CrashControllerTests" time="0.0">
    <skipped/>
  </testcase>
  <system-out><![CDATA[18:02:16.144 [Test worker] DEBUG org.springframework.test.context.junit4.SpringJUnit4ClassRunner - SpringJUnit4ClassRunner constructor called with [class org.springframework.samples.petclinic.system.CrashControllerTests]
18:02:16.150 [Test worker] DEBUG org.springframework.test.context.BootstrapUtils - Instantiating CacheAwareContextLoaderDelegate from class [org.springframework.test.context.cache.DefaultCacheAwareContextLoaderDelegate]
18:02:16.155 [Test worker] DEBUG org.springframework.test.context.BootstrapUtils - Instantiating BootstrapContext using constructor [public org.springframework.test.context.support.DefaultBootstrapContext(java.lang.Class,org.springframework.test.context.CacheAwareContextLoaderDelegate)]
18:02:16.170 [Test worker] DEBUG org.springframework.test.context.BootstrapUtils - Instantiating TestContextBootstrapper for test class [org.springframework.samples.petclinic.system.CrashControllerTests] from class [org.springframework.boot.test.autoconfigure.web.servlet.WebMvcTestContextBootstrapper]
18:02:16.186 [Test worker] INFO org.springframework.boot.test.autoconfigure.web.servlet.WebMvcTestContextBootstrapper - Neither @ContextConfiguration nor @ContextHierarchy found for test class [org.springframework.samples.petclinic.system.CrashControllerTests], using SpringBootContextLoader
18:02:16.188 [Test worker] DEBUG org.springframework.test.context.support.AbstractContextLoader - Did not detect default resource location for test class [org.springframework.samples.petclinic.system.CrashControllerTests]: class path resource [org/springframework/samples/petclinic/system/CrashControllerTests-context.xml] does not exist
18:02:16.188 [Test worker] DEBUG org.springframework.test.context.support.AbstractContextLoader - Did not detect default resource location for test class [org.springframework.samples.petclinic.system.CrashControllerTests]: class path resource [org/springframework/samples/petclinic/system/CrashControllerTestsContext.groovy] does not exist
18:02:16.189 [Test worker] INFO org.springframework.test.context.support.AbstractContextLoader - Could not detect default resource locations for test class [org.springframework.samples.petclinic.system.CrashControllerTests]: no resource found for suffixes {-context.xml, Context.groovy}.
18:02:16.189 [Test worker] INFO org.springframework.test.context.support.AnnotationConfigContextLoaderUtils - Could not detect default configuration classes for test class [org.springframework.samples.petclinic.system.CrashControllerTests]: CrashControllerTests does not declare any static, non-private, non-final, nested classes annotated with @Configuration.
18:02:16.239 [Test worker] DEBUG org.springframework.test.context.support.ActiveProfilesUtils - Could not find an 'annotation declaring class' for annotation type [org.springframework.test.context.ActiveProfiles] and class [org.springframework.samples.petclinic.system.CrashControllerTests]
18:02:16.291 [Test worker] DEBUG org.springframework.context.annotation.ClassPathScanningCandidateComponentProvider - Identified candidate component class: file [/home/jmolina/tp-ingsw/build/classes/java/main/org/springframework/samples/petclinic/PetClinicApplication.class]
18:02:16.291 [Test worker] INFO org.springframework.boot.test.context.SpringBootTestContextBootstrapper - Found @SpringBootConfiguration org.springframework.samples.petclinic.PetClinicApplication for test class org.springframework.samples.petclinic.system.CrashControllerTests
18:02:16.293 [Test worker] DEBUG org.springframework.boot.test.autoconfigure.web.servlet.WebMvcTestContextBootstrapper - @TestExecutionListeners is not present for class [org.springframework.samples.petclinic.system.CrashControllerTests]: using defaults.
18:02:16.293 [Test worker] INFO org.springframework.boot.test.autoconfigure.web.servlet.WebMvcTestContextBootstrapper - Loaded default TestExecutionListener class names from location [META-INF/spring.factories]: [org.springframework.boot.test.autoconfigure.restdocs.RestDocsTestExecutionListener, org.springframework.boot.test.autoconfigure.web.client.MockRestServiceServerResetTestExecutionListener, org.springframework.boot.test.autoconfigure.web.servlet.MockMvcPrintOnlyOnFailureTestExecutionListener, org.springframework.boot.test.autoconfigure.web.servlet.WebDriverTestExecutionListener, org.springframework.boot.test.mock.mockito.MockitoTestExecutionListener, org.springframework.boot.test.mock.mockito.ResetMocksTestExecutionListener, org.springframework.test.context.web.ServletTestExecutionListener, org.springframework.test.context.support.DirtiesContextBeforeModesTestExecutionListener, org.springframework.test.context.support.DependencyInjectionTestExecutionListener, org.springframework.test.context.support.DirtiesContextTestExecutionListener, org.springframework.test.context.transaction.TransactionalTestExecutionListener, org.springframework.test.context.jdbc.SqlScriptsTestExecutionListener]
18:02:16.304 [Test worker] INFO org.springframework.boot.test.autoconfigure.web.servlet.WebMvcTestContextBootstrapper - Using TestExecutionListeners: [org.springframework.test.context.web.ServletTestExecutionListener@37371bb3, org.springframework.test.context.support.DirtiesContextBeforeModesTestExecutionListener@2cec414, org.springframework.boot.test.mock.mockito.MockitoTestExecutionListener@3a269081, org.springframework.boot.test.autoconfigure.SpringBootDependencyInjectionTestExecutionListener@2e0e64e5, org.springframework.test.context.support.DirtiesContextTestExecutionListener@21eb1814, org.springframework.test.context.transaction.TransactionalTestExecutionListener@55718659, org.springframework.test.context.jdbc.SqlScriptsTestExecutionListener@5bdda6ee, org.springframework.boot.test.autoconfigure.restdocs.RestDocsTestExecutionListener@629d83c, org.springframework.boot.test.autoconfigure.web.client.MockRestServiceServerResetTestExecutionListener@7ffb4b55, org.springframework.boot.test.autoconfigure.web.servlet.MockMvcPrintOnlyOnFailureTestExecutionListener@26e159bd, org.springframework.boot.test.autoconfigure.web.servlet.WebDriverTestExecutionListener@103d7159, org.springframework.boot.test.mock.mockito.ResetMocksTestExecutionListener@589db35a]
18:02:16.306 [Test worker] DEBUG org.springframework.test.annotation.ProfileValueUtils - Retrieved @ProfileValueSourceConfiguration [null] for test class [org.springframework.samples.petclinic.system.CrashControllerTests]
18:02:16.306 [Test worker] DEBUG org.springframework.test.annotation.ProfileValueUtils - Retrieved ProfileValueSource type [class org.springframework.test.annotation.SystemProfileValueSource] for class [org.springframework.samples.petclinic.system.CrashControllerTests]
]]></system-out>
  <system-err><![CDATA[]]></system-err>
</testsuite>
