<?xml version="1.0" encoding="UTF-8"?>
<testsuite name="org.springframework.samples.petclinic.system.CrashControllerTests" tests="1" skipped="1" failures="0" errors="0" timestamp="2019-10-15T01:36:52" hostname="Wolox-0153" time="0.0">
  <properties/>
  <testcase name="testTriggerException" classname="org.springframework.samples.petclinic.system.CrashControllerTests" time="0.0">
    <skipped/>
  </testcase>
  <system-out><![CDATA[22:36:51.872 [Test worker] DEBUG org.springframework.test.context.junit4.SpringJUnit4ClassRunner - SpringJUnit4ClassRunner constructor called with [class org.springframework.samples.petclinic.system.CrashControllerTests]
22:36:51.878 [Test worker] DEBUG org.springframework.test.context.BootstrapUtils - Instantiating CacheAwareContextLoaderDelegate from class [org.springframework.test.context.cache.DefaultCacheAwareContextLoaderDelegate]
22:36:51.884 [Test worker] DEBUG org.springframework.test.context.BootstrapUtils - Instantiating BootstrapContext using constructor [public org.springframework.test.context.support.DefaultBootstrapContext(java.lang.Class,org.springframework.test.context.CacheAwareContextLoaderDelegate)]
22:36:51.901 [Test worker] DEBUG org.springframework.test.context.BootstrapUtils - Instantiating TestContextBootstrapper for test class [org.springframework.samples.petclinic.system.CrashControllerTests] from class [org.springframework.boot.test.autoconfigure.web.servlet.WebMvcTestContextBootstrapper]
22:36:51.915 [Test worker] INFO org.springframework.boot.test.autoconfigure.web.servlet.WebMvcTestContextBootstrapper - Neither @ContextConfiguration nor @ContextHierarchy found for test class [org.springframework.samples.petclinic.system.CrashControllerTests], using SpringBootContextLoader
22:36:51.918 [Test worker] DEBUG org.springframework.test.context.support.AbstractContextLoader - Did not detect default resource location for test class [org.springframework.samples.petclinic.system.CrashControllerTests]: class path resource [org/springframework/samples/petclinic/system/CrashControllerTests-context.xml] does not exist
22:36:51.918 [Test worker] DEBUG org.springframework.test.context.support.AbstractContextLoader - Did not detect default resource location for test class [org.springframework.samples.petclinic.system.CrashControllerTests]: class path resource [org/springframework/samples/petclinic/system/CrashControllerTestsContext.groovy] does not exist
22:36:51.918 [Test worker] INFO org.springframework.test.context.support.AbstractContextLoader - Could not detect default resource locations for test class [org.springframework.samples.petclinic.system.CrashControllerTests]: no resource found for suffixes {-context.xml, Context.groovy}.
22:36:51.919 [Test worker] INFO org.springframework.test.context.support.AnnotationConfigContextLoaderUtils - Could not detect default configuration classes for test class [org.springframework.samples.petclinic.system.CrashControllerTests]: CrashControllerTests does not declare any static, non-private, non-final, nested classes annotated with @Configuration.
22:36:51.964 [Test worker] DEBUG org.springframework.test.context.support.ActiveProfilesUtils - Could not find an 'annotation declaring class' for annotation type [org.springframework.test.context.ActiveProfiles] and class [org.springframework.samples.petclinic.system.CrashControllerTests]
22:36:52.014 [Test worker] DEBUG org.springframework.context.annotation.ClassPathScanningCandidateComponentProvider - Identified candidate component class: file [/home/jmolina/tp-ingsw/build/classes/java/main/org/springframework/samples/petclinic/PetClinicApplication.class]
22:36:52.015 [Test worker] INFO org.springframework.boot.test.context.SpringBootTestContextBootstrapper - Found @SpringBootConfiguration org.springframework.samples.petclinic.PetClinicApplication for test class org.springframework.samples.petclinic.system.CrashControllerTests
22:36:52.016 [Test worker] DEBUG org.springframework.boot.test.autoconfigure.web.servlet.WebMvcTestContextBootstrapper - @TestExecutionListeners is not present for class [org.springframework.samples.petclinic.system.CrashControllerTests]: using defaults.
22:36:52.016 [Test worker] INFO org.springframework.boot.test.autoconfigure.web.servlet.WebMvcTestContextBootstrapper - Loaded default TestExecutionListener class names from location [META-INF/spring.factories]: [org.springframework.boot.test.autoconfigure.restdocs.RestDocsTestExecutionListener, org.springframework.boot.test.autoconfigure.web.client.MockRestServiceServerResetTestExecutionListener, org.springframework.boot.test.autoconfigure.web.servlet.MockMvcPrintOnlyOnFailureTestExecutionListener, org.springframework.boot.test.autoconfigure.web.servlet.WebDriverTestExecutionListener, org.springframework.boot.test.mock.mockito.MockitoTestExecutionListener, org.springframework.boot.test.mock.mockito.ResetMocksTestExecutionListener, org.springframework.test.context.web.ServletTestExecutionListener, org.springframework.test.context.support.DirtiesContextBeforeModesTestExecutionListener, org.springframework.test.context.support.DependencyInjectionTestExecutionListener, org.springframework.test.context.support.DirtiesContextTestExecutionListener, org.springframework.test.context.transaction.TransactionalTestExecutionListener, org.springframework.test.context.jdbc.SqlScriptsTestExecutionListener]
22:36:52.029 [Test worker] INFO org.springframework.boot.test.autoconfigure.web.servlet.WebMvcTestContextBootstrapper - Using TestExecutionListeners: [org.springframework.test.context.web.ServletTestExecutionListener@7db4b1e7, org.springframework.test.context.support.DirtiesContextBeforeModesTestExecutionListener@254d5fe, org.springframework.boot.test.mock.mockito.MockitoTestExecutionListener@5a3c6afe, org.springframework.boot.test.autoconfigure.SpringBootDependencyInjectionTestExecutionListener@68d715f3, org.springframework.test.context.support.DirtiesContextTestExecutionListener@30b4aa87, org.springframework.test.context.transaction.TransactionalTestExecutionListener@14eb724a, org.springframework.test.context.jdbc.SqlScriptsTestExecutionListener@2d3991b3, org.springframework.boot.test.autoconfigure.restdocs.RestDocsTestExecutionListener@7d91616a, org.springframework.boot.test.autoconfigure.web.client.MockRestServiceServerResetTestExecutionListener@68e40ccd, org.springframework.boot.test.autoconfigure.web.servlet.MockMvcPrintOnlyOnFailureTestExecutionListener@27525ab9, org.springframework.boot.test.autoconfigure.web.servlet.WebDriverTestExecutionListener@4607f3e9, org.springframework.boot.test.mock.mockito.ResetMocksTestExecutionListener@30eb5072]
22:36:52.030 [Test worker] DEBUG org.springframework.test.annotation.ProfileValueUtils - Retrieved @ProfileValueSourceConfiguration [null] for test class [org.springframework.samples.petclinic.system.CrashControllerTests]
22:36:52.030 [Test worker] DEBUG org.springframework.test.annotation.ProfileValueUtils - Retrieved ProfileValueSource type [class org.springframework.test.annotation.SystemProfileValueSource] for class [org.springframework.samples.petclinic.system.CrashControllerTests]
]]></system-out>
  <system-err><![CDATA[]]></system-err>
</testsuite>
