<?xml version="1.0" encoding="UTF-8"?>
<testsuite name="org.springframework.samples.petclinic.PetclinicIntegrationTests" tests="1" skipped="0" failures="0" errors="0" timestamp="2019-10-15T01:36:58" hostname="Wolox-0153" time="0.037">
  <properties/>
  <testcase name="testFindAll" classname="org.springframework.samples.petclinic.PetclinicIntegrationTests" time="0.037"/>
  <system-out><![CDATA[2019-10-14 22:36:55.470  INFO 8341 --- [    Test worker] .b.t.c.SpringBootTestContextBootstrapper : Neither @ContextConfiguration nor @ContextHierarchy found for test class [org.springframework.samples.petclinic.PetclinicIntegrationTests], using SpringBootContextLoader
2019-10-14 22:36:55.470  INFO 8341 --- [    Test worker] o.s.t.c.support.AbstractContextLoader    : Could not detect default resource locations for test class [org.springframework.samples.petclinic.PetclinicIntegrationTests]: no resource found for suffixes {-context.xml, Context.groovy}.
2019-10-14 22:36:55.470  INFO 8341 --- [    Test worker] t.c.s.AnnotationConfigContextLoaderUtils : Could not detect default configuration classes for test class [org.springframework.samples.petclinic.PetclinicIntegrationTests]: PetclinicIntegrationTests does not declare any static, non-private, non-final, nested classes annotated with @Configuration.
2019-10-14 22:36:55.474  INFO 8341 --- [    Test worker] .b.t.c.SpringBootTestContextBootstrapper : Found @SpringBootConfiguration org.springframework.samples.petclinic.PetClinicApplication for test class org.springframework.samples.petclinic.PetclinicIntegrationTests
2019-10-14 22:36:55.476  INFO 8341 --- [    Test worker] .b.t.c.SpringBootTestContextBootstrapper : Loaded default TestExecutionListener class names from location [META-INF/spring.factories]: [org.springframework.boot.test.autoconfigure.restdocs.RestDocsTestExecutionListener, org.springframework.boot.test.autoconfigure.web.client.MockRestServiceServerResetTestExecutionListener, org.springframework.boot.test.autoconfigure.web.servlet.MockMvcPrintOnlyOnFailureTestExecutionListener, org.springframework.boot.test.autoconfigure.web.servlet.WebDriverTestExecutionListener, org.springframework.boot.test.mock.mockito.MockitoTestExecutionListener, org.springframework.boot.test.mock.mockito.ResetMocksTestExecutionListener, org.springframework.test.context.web.ServletTestExecutionListener, org.springframework.test.context.support.DirtiesContextBeforeModesTestExecutionListener, org.springframework.test.context.support.DependencyInjectionTestExecutionListener, org.springframework.test.context.support.DirtiesContextTestExecutionListener, org.springframework.test.context.transaction.TransactionalTestExecutionListener, org.springframework.test.context.jdbc.SqlScriptsTestExecutionListener]
2019-10-14 22:36:55.477  INFO 8341 --- [    Test worker] .b.t.c.SpringBootTestContextBootstrapper : Using TestExecutionListeners: [org.springframework.test.context.web.ServletTestExecutionListener@5a597952, org.springframework.test.context.support.DirtiesContextBeforeModesTestExecutionListener@2b075f2e, org.springframework.boot.test.mock.mockito.MockitoTestExecutionListener@2b0778b2, org.springframework.boot.test.autoconfigure.SpringBootDependencyInjectionTestExecutionListener@79956c89, org.springframework.test.context.support.DirtiesContextTestExecutionListener@68970900, org.springframework.test.context.transaction.TransactionalTestExecutionListener@79f8d513, org.springframework.test.context.jdbc.SqlScriptsTestExecutionListener@69aae076, org.springframework.boot.test.autoconfigure.restdocs.RestDocsTestExecutionListener@3b0938ee, org.springframework.boot.test.autoconfigure.web.client.MockRestServiceServerResetTestExecutionListener@6b06e986, org.springframework.boot.test.autoconfigure.web.servlet.MockMvcPrintOnlyOnFailureTestExecutionListener@5469e9b8, org.springframework.boot.test.autoconfigure.web.servlet.WebDriverTestExecutionListener@6afe0a13, org.springframework.boot.test.mock.mockito.ResetMocksTestExecutionListener@184291ea]


              |\      _,,,--,,_
             /,`.-'`'   ._  \-;;,_
  _______ __|,4-  ) )_   .;.(__`'-'__     ___ __    _ ___ _______
 |       | '---''(_/._)-'(_\_)   |   |   |   |  |  | |   |       |
 |    _  |    ___|_     _|       |   |   |   |   |_| |   |       | __ _ _
 |   |_| |   |___  |   | |       |   |   |   |       |   |       | \ \ \ \
 |    ___|    ___| |   | |      _|   |___|   |  _    |   |      _|  \ \ \ \
 |   |   |   |___  |   | |     |_|       |   | | |   |   |     |_    ) ) ) )
 |___|   |_______| |___| |_______|_______|___|_|  |__|___|_______|  / / / /
 ==================================================================/_/_/_/

:: Built with Spring Boot :: 2.1.9.RELEASE


2019-10-14 22:36:55.507  INFO 8341 --- [    Test worker] o.s.s.p.PetclinicIntegrationTests        : Starting PetclinicIntegrationTests on Wolox-0153 with PID 8341 (started by jmolina in /home/jmolina/tp-ingsw)
2019-10-14 22:36:55.507  INFO 8341 --- [    Test worker] o.s.s.p.PetclinicIntegrationTests        : No active profile set, falling back to default profiles: default
2019-10-14 22:36:55.959  INFO 8341 --- [    Test worker] .s.d.r.c.RepositoryConfigurationDelegate : Bootstrapping Spring Data repositories in DEFAULT mode.
2019-10-14 22:36:55.970  INFO 8341 --- [    Test worker] .s.d.r.c.RepositoryConfigurationDelegate : Finished Spring Data repository scanning in 10ms. Found 4 repository interfaces.
2019-10-14 22:36:56.263  INFO 8341 --- [    Test worker] trationDelegate$BeanPostProcessorChecker : Bean 'org.springframework.transaction.annotation.ProxyTransactionManagementConfiguration' of type [org.springframework.transaction.annotation.ProxyTransactionManagementConfiguration$$EnhancerBySpringCGLIB$$a521a218] is not eligible for getting processed by all BeanPostProcessors (for example: not eligible for auto-proxying)
2019-10-14 22:36:56.527  INFO 8341 --- [    Test worker] org.ehcache.core.EhcacheManager          : Cache 'vets' created in EhcacheManager.
2019-10-14 22:36:56.533  INFO 8341 --- [    Test worker] org.ehcache.jsr107.Eh107CacheManager     : Registering Ehcache MBean javax.cache:type=CacheStatistics,CacheManager=urn.X-ehcache.jsr107-default-config,Cache=vets
2019-10-14 22:36:56.542  INFO 8341 --- [    Test worker] org.ehcache.jsr107.Eh107CacheManager     : Registering Ehcache MBean javax.cache:type=CacheStatistics,CacheManager=urn.X-ehcache.jsr107-default-config,Cache=vets
2019-10-14 22:36:56.591  INFO 8341 --- [    Test worker] com.zaxxer.hikari.HikariDataSource       : HikariPool-1 - Starting...
2019-10-14 22:36:56.593  WARN 8341 --- [    Test worker] com.zaxxer.hikari.util.DriverDataSource  : Registered driver with driverClassName=org.hsqldb.jdbcDriver was not found, trying direct instantiation.
2019-10-14 22:36:56.621  INFO 8341 --- [    Test worker] com.zaxxer.hikari.pool.PoolBase          : HikariPool-1 - Driver does not support get/set network timeout for connections. (feature not supported)
2019-10-14 22:36:56.624  INFO 8341 --- [    Test worker] com.zaxxer.hikari.HikariDataSource       : HikariPool-1 - Start completed.
2019-10-14 22:36:56.705  INFO 8341 --- [    Test worker] o.hibernate.jpa.internal.util.LogHelper  : HHH000204: Processing PersistenceUnitInfo [
	name: default
	...]
2019-10-14 22:36:56.711  INFO 8341 --- [    Test worker] org.hibernate.dialect.Dialect            : HHH000400: Using dialect: org.hibernate.dialect.HSQLDialect
2019-10-14 22:36:56.763  INFO 8341 --- [    Test worker] j.LocalContainerEntityManagerFactoryBean : Initialized JPA EntityManagerFactory for persistence unit 'default'
2019-10-14 22:36:56.815  INFO 8341 --- [    Test worker] o.h.h.i.QueryTranslatorFactoryInitiator  : HHH000397: Using ASTQueryTranslatorFactory
2019-10-14 22:36:57.453  INFO 8341 --- [    Test worker] o.s.s.concurrent.ThreadPoolTaskExecutor  : Initializing ExecutorService 'applicationTaskExecutor'
2019-10-14 22:36:57.506  WARN 8341 --- [    Test worker] aWebConfiguration$JpaWebMvcConfiguration : spring.jpa.open-in-view is enabled by default. Therefore, database queries may be performed during view rendering. Explicitly configure spring.jpa.open-in-view to disable this warning
2019-10-14 22:36:58.276  INFO 8341 --- [    Test worker] o.s.b.a.e.web.EndpointLinksResolver      : Exposing 15 endpoint(s) beneath base path '/manage'
2019-10-14 22:36:58.326  INFO 8341 --- [    Test worker] o.s.s.p.PetclinicIntegrationTests        : Started PetclinicIntegrationTests in 2.843 seconds (JVM running for 6.855)
]]></system-out>
  <system-err><![CDATA[]]></system-err>
</testsuite>
