<?xml version="1.0" encoding="UTF-8"?>
<testsuite name="org.springframework.samples.petclinic.owner.VisitControllerTests" tests="3" skipped="0" failures="0" errors="0" timestamp="2019-10-15T01:37:00" hostname="Wolox-0153" time="0.075">
  <properties/>
  <testcase name="testProcessNewVisitFormHasErrors" classname="org.springframework.samples.petclinic.owner.VisitControllerTests" time="0.059"/>
  <testcase name="testProcessNewVisitFormSuccess" classname="org.springframework.samples.petclinic.owner.VisitControllerTests" time="0.004"/>
  <testcase name="testInitNewVisitForm" classname="org.springframework.samples.petclinic.owner.VisitControllerTests" time="0.012"/>
  <system-out><![CDATA[2019-10-14 22:36:59.675  INFO 8341 --- [    Test worker] .b.t.a.w.s.WebMvcTestContextBootstrapper : Neither @ContextConfiguration nor @ContextHierarchy found for test class [org.springframework.samples.petclinic.owner.VisitControllerTests], using SpringBootContextLoader
2019-10-14 22:36:59.675  INFO 8341 --- [    Test worker] o.s.t.c.support.AbstractContextLoader    : Could not detect default resource locations for test class [org.springframework.samples.petclinic.owner.VisitControllerTests]: no resource found for suffixes {-context.xml, Context.groovy}.
2019-10-14 22:36:59.675  INFO 8341 --- [    Test worker] t.c.s.AnnotationConfigContextLoaderUtils : Could not detect default configuration classes for test class [org.springframework.samples.petclinic.owner.VisitControllerTests]: VisitControllerTests does not declare any static, non-private, non-final, nested classes annotated with @Configuration.
2019-10-14 22:36:59.678  INFO 8341 --- [    Test worker] .b.t.c.SpringBootTestContextBootstrapper : Found @SpringBootConfiguration org.springframework.samples.petclinic.PetClinicApplication for test class org.springframework.samples.petclinic.owner.VisitControllerTests
2019-10-14 22:36:59.678  INFO 8341 --- [    Test worker] .b.t.a.w.s.WebMvcTestContextBootstrapper : Loaded default TestExecutionListener class names from location [META-INF/spring.factories]: [org.springframework.boot.test.autoconfigure.restdocs.RestDocsTestExecutionListener, org.springframework.boot.test.autoconfigure.web.client.MockRestServiceServerResetTestExecutionListener, org.springframework.boot.test.autoconfigure.web.servlet.MockMvcPrintOnlyOnFailureTestExecutionListener, org.springframework.boot.test.autoconfigure.web.servlet.WebDriverTestExecutionListener, org.springframework.boot.test.mock.mockito.MockitoTestExecutionListener, org.springframework.boot.test.mock.mockito.ResetMocksTestExecutionListener, org.springframework.test.context.web.ServletTestExecutionListener, org.springframework.test.context.support.DirtiesContextBeforeModesTestExecutionListener, org.springframework.test.context.support.DependencyInjectionTestExecutionListener, org.springframework.test.context.support.DirtiesContextTestExecutionListener, org.springframework.test.context.transaction.TransactionalTestExecutionListener, org.springframework.test.context.jdbc.SqlScriptsTestExecutionListener]
2019-10-14 22:36:59.679  INFO 8341 --- [    Test worker] .b.t.a.w.s.WebMvcTestContextBootstrapper : Using TestExecutionListeners: [org.springframework.test.context.web.ServletTestExecutionListener@482deaf7, org.springframework.test.context.support.DirtiesContextBeforeModesTestExecutionListener@1a426d48, org.springframework.boot.test.mock.mockito.MockitoTestExecutionListener@21419d10, org.springframework.boot.test.autoconfigure.SpringBootDependencyInjectionTestExecutionListener@1c659466, org.springframework.test.context.support.DirtiesContextTestExecutionListener@3bb8af4f, org.springframework.test.context.transaction.TransactionalTestExecutionListener@3219ad5d, org.springframework.test.context.jdbc.SqlScriptsTestExecutionListener@1f1d0f13, org.springframework.boot.test.autoconfigure.restdocs.RestDocsTestExecutionListener@2f6b6e32, org.springframework.boot.test.autoconfigure.web.client.MockRestServiceServerResetTestExecutionListener@51576e47, org.springframework.boot.test.autoconfigure.web.servlet.MockMvcPrintOnlyOnFailureTestExecutionListener@2e5b5275, org.springframework.boot.test.autoconfigure.web.servlet.WebDriverTestExecutionListener@59c9a53a, org.springframework.boot.test.mock.mockito.ResetMocksTestExecutionListener@2d275acf]


              |\      _,,,--,,_
             /,`.-'`'   ._  \-;;,_
  _______ __|,4-  ) )_   .;.(__`'-'__     ___ __    _ ___ _______
 |       | '---''(_/._)-'(_\_)   |   |   |   |  |  | |   |       |
 |    _  |    ___|_     _|       |   |   |   |   |_| |   |       | __ _ _
 |   |_| |   |___  |   | |       |   |   |   |       |   |       | \ \ \ \
 |    ___|    ___| |   | |      _|   |___|   |  _    |   |      _|  \ \ \ \
 |   |   |   |___  |   | |     |_|       |   | | |   |   |     |_    ) ) ) )
 |___|   |_______| |___| |_______|_______|___|_|  |__|___|_______|  / / / /
 ==================================================================/_/_/_/

:: Built with Spring Boot :: 2.1.9.RELEASE


2019-10-14 22:36:59.693  INFO 8341 --- [    Test worker] o.s.s.p.owner.VisitControllerTests       : Starting VisitControllerTests on Wolox-0153 with PID 8341 (started by jmolina in /home/jmolina/tp-ingsw)
2019-10-14 22:36:59.694  INFO 8341 --- [    Test worker] o.s.s.p.owner.VisitControllerTests       : No active profile set, falling back to default profiles: default
2019-10-14 22:36:59.921  INFO 8341 --- [    Test worker] o.s.s.concurrent.ThreadPoolTaskExecutor  : Initializing ExecutorService 'applicationTaskExecutor'
2019-10-14 22:37:00.025  INFO 8341 --- [    Test worker] o.s.b.t.m.w.SpringBootMockServletContext : Initializing Spring TestDispatcherServlet ''
2019-10-14 22:37:00.025  INFO 8341 --- [    Test worker] o.s.t.web.servlet.TestDispatcherServlet  : Initializing Servlet ''
2019-10-14 22:37:00.030  INFO 8341 --- [    Test worker] o.s.t.web.servlet.TestDispatcherServlet  : Completed initialization in 5 ms
2019-10-14 22:37:00.042  INFO 8341 --- [    Test worker] o.s.s.p.owner.VisitControllerTests       : Started VisitControllerTests in 0.362 seconds (JVM running for 8.57)
]]></system-out>
  <system-err><![CDATA[]]></system-err>
</testsuite>
