<?xml version="1.0" encoding="UTF-8"?>
<testsuite name="org.springframework.samples.petclinic.owner.PetTypeFormatterTests" tests="3" skipped="0" failures="0" errors="0" timestamp="2019-10-15T01:36:58" hostname="Wolox-0153" time="0.01">
  <properties/>
  <testcase name="shouldThrowParseException" classname="org.springframework.samples.petclinic.owner.PetTypeFormatterTests" time="0.008"/>
  <testcase name="testPrint" classname="org.springframework.samples.petclinic.owner.PetTypeFormatterTests" time="0.0"/>
  <testcase name="shouldParse" classname="org.springframework.samples.petclinic.owner.PetTypeFormatterTests" time="0.0"/>
  <system-out><![CDATA[]]></system-out>
  <system-err><![CDATA[]]></system-err>
</testsuite>
