<?xml version="1.0" encoding="UTF-8"?>
<testsuite name="org.springframework.samples.petclinic.model.ValidatorTests" tests="1" skipped="0" failures="0" errors="0" timestamp="2019-10-15T01:36:55" hostname="Wolox-0153" time="0.221">
  <properties/>
  <testcase name="shouldNotValidateWhenFirstNameEmpty" classname="org.springframework.samples.petclinic.model.ValidatorTests" time="0.221"/>
  <system-out><![CDATA[]]></system-out>
  <system-err><![CDATA[]]></system-err>
</testsuite>
