<?xml version="1.0" encoding="UTF-8"?>
<testsuite name="org.springframework.samples.petclinic.owner.OwnerControllerTests" tests="11" skipped="0" failures="0" errors="0" timestamp="2019-10-15T01:36:59" hostname="Wolox-0153" time="0.615">
  <properties/>
  <testcase name="testProcessUpdateOwnerFormHasErrors" classname="org.springframework.samples.petclinic.owner.OwnerControllerTests" time="0.469"/>
  <testcase name="testProcessCreationFormSuccess" classname="org.springframework.samples.petclinic.owner.OwnerControllerTests" time="0.005"/>
  <testcase name="testInitFindForm" classname="org.springframework.samples.petclinic.owner.OwnerControllerTests" time="0.017"/>
  <testcase name="testShowOwner" classname="org.springframework.samples.petclinic.owner.OwnerControllerTests" time="0.039"/>
  <testcase name="testInitUpdateOwnerForm" classname="org.springframework.samples.petclinic.owner.OwnerControllerTests" time="0.013"/>
  <testcase name="testInitCreationForm" classname="org.springframework.samples.petclinic.owner.OwnerControllerTests" time="0.013"/>
  <testcase name="testProcessFindFormByLastName" classname="org.springframework.samples.petclinic.owner.OwnerControllerTests" time="0.003"/>
  <testcase name="testProcessFindFormNoOwnersFound" classname="org.springframework.samples.petclinic.owner.OwnerControllerTests" time="0.011"/>
  <testcase name="testProcessFindFormSuccess" classname="org.springframework.samples.petclinic.owner.OwnerControllerTests" time="0.018"/>
  <testcase name="testProcessUpdateOwnerFormSuccess" classname="org.springframework.samples.petclinic.owner.OwnerControllerTests" time="0.003"/>
  <testcase name="testProcessCreationFormHasErrors" classname="org.springframework.samples.petclinic.owner.OwnerControllerTests" time="0.016"/>
  <system-out><![CDATA[2019-10-14 22:36:58.469  INFO 8341 --- [    Test worker] .b.t.a.w.s.WebMvcTestContextBootstrapper : Neither @ContextConfiguration nor @ContextHierarchy found for test class [org.springframework.samples.petclinic.owner.OwnerControllerTests], using SpringBootContextLoader
2019-10-14 22:36:58.469  INFO 8341 --- [    Test worker] o.s.t.c.support.AbstractContextLoader    : Could not detect default resource locations for test class [org.springframework.samples.petclinic.owner.OwnerControllerTests]: no resource found for suffixes {-context.xml, Context.groovy}.
2019-10-14 22:36:58.469  INFO 8341 --- [    Test worker] t.c.s.AnnotationConfigContextLoaderUtils : Could not detect default configuration classes for test class [org.springframework.samples.petclinic.owner.OwnerControllerTests]: OwnerControllerTests does not declare any static, non-private, non-final, nested classes annotated with @Configuration.
2019-10-14 22:36:58.479  INFO 8341 --- [    Test worker] .b.t.c.SpringBootTestContextBootstrapper : Found @SpringBootConfiguration org.springframework.samples.petclinic.PetClinicApplication for test class org.springframework.samples.petclinic.owner.OwnerControllerTests
2019-10-14 22:36:58.479  INFO 8341 --- [    Test worker] .b.t.a.w.s.WebMvcTestContextBootstrapper : Loaded default TestExecutionListener class names from location [META-INF/spring.factories]: [org.springframework.boot.test.autoconfigure.restdocs.RestDocsTestExecutionListener, org.springframework.boot.test.autoconfigure.web.client.MockRestServiceServerResetTestExecutionListener, org.springframework.boot.test.autoconfigure.web.servlet.MockMvcPrintOnlyOnFailureTestExecutionListener, org.springframework.boot.test.autoconfigure.web.servlet.WebDriverTestExecutionListener, org.springframework.boot.test.mock.mockito.MockitoTestExecutionListener, org.springframework.boot.test.mock.mockito.ResetMocksTestExecutionListener, org.springframework.test.context.web.ServletTestExecutionListener, org.springframework.test.context.support.DirtiesContextBeforeModesTestExecutionListener, org.springframework.test.context.support.DependencyInjectionTestExecutionListener, org.springframework.test.context.support.DirtiesContextTestExecutionListener, org.springframework.test.context.transaction.TransactionalTestExecutionListener, org.springframework.test.context.jdbc.SqlScriptsTestExecutionListener]
2019-10-14 22:36:58.480  INFO 8341 --- [    Test worker] .b.t.a.w.s.WebMvcTestContextBootstrapper : Using TestExecutionListeners: [org.springframework.test.context.web.ServletTestExecutionListener@2b7ac789, org.springframework.test.context.support.DirtiesContextBeforeModesTestExecutionListener@67067cc5, org.springframework.boot.test.mock.mockito.MockitoTestExecutionListener@1b2d1ed2, org.springframework.boot.test.autoconfigure.SpringBootDependencyInjectionTestExecutionListener@6f1c112f, org.springframework.test.context.support.DirtiesContextTestExecutionListener@12a7c5ca, org.springframework.test.context.transaction.TransactionalTestExecutionListener@4613730f, org.springframework.test.context.jdbc.SqlScriptsTestExecutionListener@35bb2e91, org.springframework.boot.test.autoconfigure.restdocs.RestDocsTestExecutionListener@3a21d460, org.springframework.boot.test.autoconfigure.web.client.MockRestServiceServerResetTestExecutionListener@1684cf7b, org.springframework.boot.test.autoconfigure.web.servlet.MockMvcPrintOnlyOnFailureTestExecutionListener@4bd24daf, org.springframework.boot.test.autoconfigure.web.servlet.WebDriverTestExecutionListener@27f13de2, org.springframework.boot.test.mock.mockito.ResetMocksTestExecutionListener@13476fa8]


              |\      _,,,--,,_
             /,`.-'`'   ._  \-;;,_
  _______ __|,4-  ) )_   .;.(__`'-'__     ___ __    _ ___ _______
 |       | '---''(_/._)-'(_\_)   |   |   |   |  |  | |   |       |
 |    _  |    ___|_     _|       |   |   |   |   |_| |   |       | __ _ _
 |   |_| |   |___  |   | |       |   |   |   |       |   |       | \ \ \ \
 |    ___|    ___| |   | |      _|   |___|   |  _    |   |      _|  \ \ \ \
 |   |   |   |___  |   | |     |_|       |   | | |   |   |     |_    ) ) ) )
 |___|   |_______| |___| |_______|_______|___|_|  |__|___|_______|  / / / /
 ==================================================================/_/_/_/

:: Built with Spring Boot :: 2.1.9.RELEASE


2019-10-14 22:36:58.499  INFO 8341 --- [    Test worker] o.s.s.p.owner.OwnerControllerTests       : Starting OwnerControllerTests on Wolox-0153 with PID 8341 (started by jmolina in /home/jmolina/tp-ingsw)
2019-10-14 22:36:58.500  INFO 8341 --- [    Test worker] o.s.s.p.owner.OwnerControllerTests       : No active profile set, falling back to default profiles: default
2019-10-14 22:36:58.862  INFO 8341 --- [    Test worker] o.s.s.concurrent.ThreadPoolTaskExecutor  : Initializing ExecutorService 'applicationTaskExecutor'
2019-10-14 22:36:59.016  INFO 8341 --- [    Test worker] o.s.b.t.m.w.SpringBootMockServletContext : Initializing Spring TestDispatcherServlet ''
2019-10-14 22:36:59.016  INFO 8341 --- [    Test worker] o.s.t.web.servlet.TestDispatcherServlet  : Initializing Servlet ''
2019-10-14 22:36:59.026  INFO 8341 --- [    Test worker] o.s.t.web.servlet.TestDispatcherServlet  : Completed initialization in 10 ms
2019-10-14 22:36:59.055  INFO 8341 --- [    Test worker] o.s.s.p.owner.OwnerControllerTests       : Started OwnerControllerTests in 0.573 seconds (JVM running for 7.584)
]]></system-out>
  <system-err><![CDATA[]]></system-err>
</testsuite>
